0 verbose cli [
0 verbose cli   'C:\\Program Files\\nodejs\\node.exe',
0 verbose cli   'C:\\Users\\my pc\\AppData\\Roaming\\npm\\node_modules\\npm\\bin\\npm-cli.js',
0 verbose cli   'install',
0 verbose cli   '@material-ui/core'
0 verbose cli ]
1 info using npm@8.4.0
2 info using node@v16.13.1
3 timing npm:load:whichnode Completed in 0ms
4 timing config:load:defaults Completed in 6ms
5 timing config:load:file:C:\Users\my pc\AppData\Roaming\npm\node_modules\npm\npmrc Completed in 37ms
6 timing config:load:builtin Completed in 38ms
7 timing config:load:cli Completed in 5ms
8 timing config:load:env Completed in 2ms
9 timing config:load:file:C:\Users\my pc\Desktop\template\.npmrc Completed in 1ms
10 timing config:load:project Completed in 2ms
11 timing config:load:file:C:\Users\my pc\.npmrc Completed in 1ms
12 timing config:load:user Completed in 1ms
13 timing config:load:file:C:\Users\my pc\AppData\Roaming\npm\etc\npmrc Completed in 1ms
14 timing config:load:global Completed in 1ms
15 timing config:load:validate Completed in 1ms
16 timing config:load:credentials Completed in 1ms
17 timing config:load:setEnvs Completed in 2ms
18 timing config:load Completed in 60ms
19 timing npm:load:configload Completed in 60ms
20 timing npm:load:setTitle Completed in 1ms
21 timing config:load:flatten Completed in 7ms
22 timing npm:load:display Completed in 9ms
23 verbose logfile C:\Users\my pc\Desktop\template\_logs\2022-02-08T11_57_24_315Z-debug-0.log
24 timing npm:load:logFile Completed in 18ms
25 timing npm:load:timers Completed in 0ms
26 timing npm:load:configScope Completed in 1ms
27 timing npm:load Completed in 93ms
28 timing arborist:ctor Completed in 3ms
29 silly logfile start cleaning logs, removing 1 files
30 timing idealTree:init Completed in 395ms
31 timing idealTree:userRequests Completed in 3ms
32 silly idealTree buildDeps
33 silly fetch manifest @material-ui/core@*
34 verbose shrinkwrap failed to load node_modules/.package-lock.json out of date, updated: node_modules
35 http fetch GET 200 https://registry.npmjs.org/@material-ui%2fcore 2797ms (cache miss)
36 silly fetch manifest @types/react@^16.8.6 || ^17.0.0
37 http fetch GET 200 https://registry.npmjs.org/@types%2freact 433ms (cache miss)
38 silly fetch manifest react@17.0.2
39 http fetch GET 200 https://registry.npmjs.org/react 1009ms (cache updated)
40 silly fetch manifest react-dom@17.0.2
41 http fetch GET 200 https://registry.npmjs.org/react-dom 874ms (cache updated)
42 silly placeDep ROOT @material-ui/core@4.12.3 OK for:  want: *
43 silly fetch manifest @material-ui/styles@^4.11.4
44 silly fetch manifest @material-ui/system@^4.12.1
45 silly fetch manifest @material-ui/types@5.1.0
46 silly fetch manifest @material-ui/utils@^4.11.2
47 silly fetch manifest @types/react-transition-group@^4.2.0
48 silly fetch manifest clsx@^1.0.4
49 silly fetch manifest hoist-non-react-statics@^3.3.2
50 silly fetch manifest popper.js@1.16.1-lts
51 silly fetch manifest react-transition-group@^4.4.0
52 http fetch GET 200 https://registry.npmjs.org/clsx 514ms (cache miss)
53 http fetch GET 200 https://registry.npmjs.org/@material-ui%2fstyles 519ms (cache miss)
54 http fetch GET 200 https://registry.npmjs.org/@types%2freact-transition-group 1676ms (cache miss)
55 http fetch GET 200 https://registry.npmjs.org/popper.js 1751ms (cache miss)
56 http fetch GET 200 https://registry.npmjs.org/@material-ui%2ftypes 1861ms (cache miss)
57 http fetch GET 200 https://registry.npmjs.org/@material-ui%2fsystem 2109ms (cache miss)
58 http fetch GET 200 https://registry.npmjs.org/hoist-non-react-statics 2827ms (cache miss)
59 http fetch GET 200 https://registry.npmjs.org/react-transition-group 2906ms (cache miss)
60 http fetch GET 200 https://registry.npmjs.org/@material-ui%2futils 4402ms (cache miss)
61 timing idealTree:#root Completed in 9567ms
62 silly fetch manifest react@^16.8.0 || ^17.0.0
63 silly fetch manifest react-dom@^16.8.0 || ^17.0.0
64 silly placeDep ROOT @material-ui/styles@4.11.4 OK for: @material-ui/core@4.12.3 want: ^4.11.4
65 silly placeDep ROOT @material-ui/system@4.12.1 OK for: @material-ui/core@4.12.3 want: ^4.12.1
66 silly placeDep ROOT @material-ui/types@5.1.0 OK for: @material-ui/core@4.12.3 want: 5.1.0
67 silly placeDep ROOT @material-ui/utils@4.11.2 OK for: @material-ui/core@4.12.3 want: ^4.11.2
68 silly placeDep ROOT @types/react-transition-group@4.4.4 OK for: @material-ui/core@4.12.3 want: ^4.2.0
69 silly placeDep ROOT clsx@1.1.1 OK for: @material-ui/core@4.12.3 want: ^1.0.4
70 silly placeDep ROOT hoist-non-react-statics@3.3.2 OK for: @material-ui/core@4.12.3 want: ^3.3.2
71 silly placeDep ROOT popper.js@1.16.1-lts OK for: @material-ui/core@4.12.3 want: 1.16.1-lts
72 silly placeDep ROOT react-transition-group@4.4.2 OK for: @material-ui/core@4.12.3 want: ^4.4.0
73 silly fetch manifest @emotion/hash@^0.8.0
74 silly fetch manifest csstype@^2.5.2
75 silly fetch manifest jss@^10.5.1
76 silly fetch manifest jss-plugin-camel-case@^10.5.1
77 silly fetch manifest jss-plugin-default-unit@^10.5.1
78 silly fetch manifest jss-plugin-global@^10.5.1
79 silly fetch manifest jss-plugin-nested@^10.5.1
80 silly fetch manifest jss-plugin-props-sort@^10.5.1
81 silly fetch manifest jss-plugin-rule-value-function@^10.5.1
82 silly fetch manifest jss-plugin-vendor-prefixer@^10.5.1
83 silly fetch manifest @types/react@*
84 silly fetch manifest dom-helpers@^5.0.1
85 http fetch GET 200 https://registry.npmjs.org/jss-plugin-default-unit 550ms (cache miss)
86 http fetch GET 200 https://registry.npmjs.org/csstype 590ms (cache miss)
87 http fetch GET 200 https://registry.npmjs.org/jss-plugin-props-sort 591ms (cache miss)
88 http fetch GET 200 https://registry.npmjs.org/jss-plugin-vendor-prefixer 1452ms (cache miss)
89 http fetch GET 200 https://registry.npmjs.org/jss-plugin-camel-case 1775ms (cache miss)
90 http fetch GET 200 https://registry.npmjs.org/jss-plugin-nested 1810ms (cache miss)
91 http fetch GET 200 https://registry.npmjs.org/jss-plugin-global 1832ms (cache miss)
92 http fetch GET 200 https://registry.npmjs.org/@emotion%2fhash 2303ms (cache miss)
93 http fetch GET 200 https://registry.npmjs.org/dom-helpers 2476ms (cache miss)
94 http fetch GET 200 https://registry.npmjs.org/jss-plugin-rule-value-function 2547ms (cache miss)
95 http fetch GET 200 https://registry.npmjs.org/jss 2773ms (cache miss)
96 timing idealTree:node_modules/@material-ui/core Completed in 2882ms
97 silly placeDep ROOT @emotion/hash@0.8.0 OK for: @material-ui/styles@4.11.4 want: ^0.8.0
98 silly placeDep ROOT csstype@2.6.19 OK for: @material-ui/styles@4.11.4 want: ^2.5.2
99 silly placeDep ROOT jss@10.9.0 OK for: @material-ui/styles@4.11.4 want: ^10.5.1
100 silly placeDep ROOT jss-plugin-camel-case@10.9.0 OK for: @material-ui/styles@4.11.4 want: ^10.5.1
101 silly placeDep ROOT jss-plugin-default-unit@10.9.0 OK for: @material-ui/styles@4.11.4 want: ^10.5.1
102 silly placeDep ROOT jss-plugin-global@10.9.0 OK for: @material-ui/styles@4.11.4 want: ^10.5.1
103 silly placeDep ROOT jss-plugin-nested@10.9.0 OK for: @material-ui/styles@4.11.4 want: ^10.5.1
104 silly placeDep ROOT jss-plugin-props-sort@10.9.0 OK for: @material-ui/styles@4.11.4 want: ^10.5.1
105 silly placeDep ROOT jss-plugin-rule-value-function@10.9.0 OK for: @material-ui/styles@4.11.4 want: ^10.5.1
106 silly placeDep ROOT jss-plugin-vendor-prefixer@10.9.0 OK for: @material-ui/styles@4.11.4 want: ^10.5.1
107 silly fetch manifest csstype@^3.0.2
108 silly fetch manifest is-in-browser@^1.1.3
109 silly fetch manifest tiny-warning@^1.0.2
110 silly fetch manifest hyphenate-style-name@^1.0.3
111 silly fetch manifest css-vendor@^2.0.8
112 http fetch GET 200 https://registry.npmjs.org/hyphenate-style-name 463ms (cache miss)
113 http fetch GET 200 https://registry.npmjs.org/tiny-warning 1708ms (cache miss)
114 http fetch GET 200 https://registry.npmjs.org/is-in-browser 1711ms (cache miss)
115 http fetch GET 200 https://registry.npmjs.org/css-vendor 1805ms (cache miss)
116 timing idealTree:node_modules/@material-ui/styles Completed in 1862ms
117 timing idealTree:node_modules/@emotion/hash Completed in 0ms
118 timing idealTree:node_modules/@material-ui/system Completed in 0ms
119 timing idealTree:node_modules/@material-ui/types Completed in 0ms
120 timing idealTree:node_modules/@material-ui/utils Completed in 0ms
121 silly placeDep ROOT @types/react@17.0.39 OK for: @types/react-transition-group@4.4.4 want: *
122 silly fetch manifest @types/prop-types@*
123 silly fetch manifest @types/scheduler@*
124 http fetch GET 200 https://registry.npmjs.org/@types%2fprop-types 443ms (cache miss)
125 http fetch GET 200 https://registry.npmjs.org/@types%2fscheduler 483ms (cache miss)
126 timing idealTree:node_modules/@types/react-transition-group Completed in 488ms
127 silly placeDep ROOT @types/prop-types@15.7.4 OK for: @types/react@17.0.39 want: *
128 silly placeDep ROOT @types/scheduler@0.16.2 OK for: @types/react@17.0.39 want: *
129 silly placeDep node_modules/@types/react csstype@3.0.10 OK for: @types/react@17.0.39 want: ^3.0.2
130 timing idealTree:node_modules/@types/react Completed in 11ms
131 timing idealTree:node_modules/@types/prop-types Completed in 0ms
132 timing idealTree:node_modules/@types/scheduler Completed in 0ms
133 timing idealTree:node_modules/clsx Completed in 0ms
134 timing idealTree:node_modules/csstype Completed in 0ms
135 timing idealTree:node_modules/hoist-non-react-statics Completed in 0ms
136 silly placeDep node_modules/jss csstype@3.0.10 OK for: jss@10.9.0 want: ^3.0.2
137 silly placeDep ROOT is-in-browser@1.1.3 OK for: jss@10.9.0 want: ^1.1.3
138 silly placeDep ROOT tiny-warning@1.0.3 OK for: jss@10.9.0 want: ^1.0.2
139 timing idealTree:node_modules/jss Completed in 7ms
140 timing idealTree:node_modules/is-in-browser Completed in 0ms
141 silly placeDep ROOT hyphenate-style-name@1.0.4 OK for: jss-plugin-camel-case@10.9.0 want: ^1.0.3
142 timing idealTree:node_modules/jss-plugin-camel-case Completed in 1ms
143 timing idealTree:node_modules/hyphenate-style-name Completed in 0ms
144 timing idealTree:node_modules/jss-plugin-default-unit Completed in 0ms
145 timing idealTree:node_modules/jss-plugin-global Completed in 0ms
146 timing idealTree:node_modules/jss-plugin-nested Completed in 0ms
147 timing idealTree:node_modules/jss-plugin-props-sort Completed in 0ms
148 timing idealTree:node_modules/jss-plugin-rule-value-function Completed in 0ms
149 silly placeDep ROOT css-vendor@2.0.8 OK for: jss-plugin-vendor-prefixer@10.9.0 want: ^2.0.8
150 timing idealTree:node_modules/jss-plugin-vendor-prefixer Completed in 5ms
151 timing idealTree:node_modules/css-vendor Completed in 0ms
152 timing idealTree:node_modules/popper.js Completed in 0ms
153 silly placeDep ROOT dom-helpers@5.2.1 OK for: react-transition-group@4.4.2 want: ^5.0.1
154 timing idealTree:node_modules/react-transition-group Completed in 4ms
155 silly placeDep node_modules/dom-helpers csstype@3.0.10 OK for: dom-helpers@5.2.1 want: ^3.0.2
156 timing idealTree:node_modules/dom-helpers Completed in 2ms
157 timing idealTree:node_modules/tiny-warning Completed in 0ms
158 timing idealTree:node_modules/@types/react/node_modules/csstype Completed in 0ms
159 timing idealTree:node_modules/dom-helpers/node_modules/csstype Completed in 0ms
160 timing idealTree:node_modules/jss/node_modules/csstype Completed in 0ms
161 timing idealTree:buildDeps Completed in 14839ms
162 timing idealTree:fixDepFlags Completed in 4ms
163 timing idealTree Completed in 15256ms
164 timing reify:loadTrees Completed in 15258ms
165 timing reify:diffTrees Completed in 100ms
166 silly reify moves {}
167 timing reify:retireShallow Completed in 0ms
168 timing reify:createSparse Completed in 249ms
169 timing reify:loadBundles Completed in 0ms
170 silly audit bulk request {
170 silly audit   '@babel/runtime': [ '7.16.7' ],
170 silly audit   '@babel/runtime-corejs3': [ '7.16.8' ],
170 silly audit   '@eslint/eslintrc': [ '1.0.5' ],
170 silly audit   ignore: [ '4.0.6', '5.2.0' ],
170 silly audit   '@humanwhocodes/config-array': [ '0.9.3' ],
170 silly audit   '@humanwhocodes/object-schema': [ '1.2.1' ],
170 silly audit   '@next/env': [ '12.0.10' ],
170 silly audit   '@next/eslint-plugin-next': [ '12.0.10' ],
170 silly audit   '@next/swc-android-arm64': [ '12.0.10' ],
170 silly audit   '@next/swc-darwin-arm64': [ '12.0.10' ],
170 silly audit   '@next/swc-darwin-x64': [ '12.0.10' ],
170 silly audit   '@next/swc-linux-arm-gnueabihf': [ '12.0.10' ],
170 silly audit   '@next/swc-linux-arm64-gnu': [ '12.0.10' ],
170 silly audit   '@next/swc-linux-arm64-musl': [ '12.0.10' ],
170 silly audit   '@next/swc-linux-x64-gnu': [ '12.0.10' ],
170 silly audit   '@next/swc-linux-x64-musl': [ '12.0.10' ],
170 silly audit   '@next/swc-win32-arm64-msvc': [ '12.0.10' ],
170 silly audit   '@next/swc-win32-ia32-msvc': [ '12.0.10' ],
170 silly audit   '@next/swc-win32-x64-msvc': [ '12.0.10' ],
170 silly audit   '@nodelib/fs.scandir': [ '2.1.5' ],
170 silly audit   '@nodelib/fs.stat': [ '2.0.5' ],
170 silly audit   '@nodelib/fs.walk': [ '1.2.8' ],
170 silly audit   '@rushstack/eslint-patch': [ '1.1.0' ],
170 silly audit   '@types/json5': [ '0.0.29' ],
170 silly audit   '@typescript-eslint/parser': [ '5.10.2' ],
170 silly audit   '@typescript-eslint/scope-manager': [ '5.10.2' ],
170 silly audit   '@typescript-eslint/types': [ '5.10.2' ],
170 silly audit   '@typescript-eslint/typescript-estree': [ '5.10.2' ],
170 silly audit   '@typescript-eslint/visitor-keys': [ '5.10.2' ],
170 silly audit   acorn: [ '8.7.0' ],
170 silly audit   'acorn-jsx': [ '5.3.2' ],
170 silly audit   ajv: [ '6.12.6' ],
170 silly audit   'ansi-regex': [ '5.0.1' ],
170 silly audit   'ansi-styles': [ '4.3.0' ],
170 silly audit   argparse: [ '2.0.1' ],
170 silly audit   'aria-query': [ '4.2.2' ],
170 silly audit   'array-includes': [ '3.1.4' ],
170 silly audit   'array-union': [ '2.1.0' ],
170 silly audit   'array.prototype.flat': [ '1.2.5' ],
170 silly audit   'array.prototype.flatmap': [ '1.2.5' ],
170 silly audit   'ast-types-flow': [ '0.0.7' ],
170 silly audit   'axe-core': [ '4.4.0' ],
170 silly audit   'axobject-query': [ '2.2.0' ],
170 silly audit   'balanced-match': [ '1.0.2' ],
170 silly audit   'brace-expansion': [ '1.1.11' ],
170 silly audit   braces: [ '3.0.2' ],
170 silly audit   'call-bind': [ '1.0.2' ],
170 silly audit   callsites: [ '3.1.0' ],
170 silly audit   'caniuse-lite': [ '1.0.30001305' ],
170 silly audit   chalk: [ '4.1.2' ],
170 silly audit   'color-convert': [ '2.0.1' ],
170 silly audit   'color-name': [ '1.1.4' ],
170 silly audit   'concat-map': [ '0.0.1' ],
170 silly audit   'core-js-pure': [ '3.21.0' ],
170 silly audit   'cross-spawn': [ '7.0.3' ],
170 silly audit   'damerau-levenshtein': [ '1.0.8' ],
170 silly audit   debug: [ '4.3.3', '3.2.7', '2.6.9' ],
170 silly audit   'deep-is': [ '0.1.4' ],
170 silly audit   'define-properties': [ '1.1.3' ],
170 silly audit   'dir-glob': [ '3.0.1' ],
170 silly audit   doctrine: [ '3.0.0', '2.1.0' ],
170 silly audit   'emoji-regex': [ '9.2.2' ],
170 silly audit   'es-abstract': [ '1.19.1' ],
170 silly audit   'es-to-primitive': [ '1.2.1' ],
170 silly audit   'escape-string-regexp': [ '4.0.0' ],
170 silly audit   eslint: [ '8.8.0' ],
170 silly audit   'eslint-config-next': [ '12.0.10' ],
170 silly audit   'eslint-import-resolver-node': [ '0.3.6' ],
170 silly audit   'eslint-import-resolver-typescript': [ '2.5.0' ],
170 silly audit   'eslint-module-utils': [ '2.7.3' ],
170 silly audit   'eslint-plugin-import': [ '2.25.4' ],
170 silly audit   ms: [ '2.0.0', '2.1.2' ],
170 silly audit   'eslint-plugin-jsx-a11y': [ '6.5.1' ],
170 silly audit   'eslint-plugin-react': [ '7.28.0' ],
170 silly audit   'eslint-plugin-react-hooks': [ '4.3.0' ],
170 silly audit   resolve: [ '2.0.0-next.3', '1.22.0' ],
170 silly audit   semver: [ '6.3.0', '7.3.5' ],
170 silly audit   'eslint-scope': [ '7.1.0' ],
170 silly audit   'eslint-utils': [ '3.0.0' ],
170 silly audit   'eslint-visitor-keys': [ '2.1.0', '3.2.0' ],
170 silly audit   espree: [ '9.3.0' ],
170 silly audit   esquery: [ '1.4.0' ],
170 silly audit   esrecurse: [ '4.3.0' ],
170 silly audit   estraverse: [ '5.3.0' ],
170 silly audit   esutils: [ '2.0.3' ],
170 silly audit   'fast-deep-equal': [ '3.1.3' ],
170 silly audit   'fast-glob': [ '3.2.11' ],
170 silly audit   'glob-parent': [ '5.1.2', '6.0.2' ],
170 silly audit   'fast-json-stable-stringify': [ '2.1.0' ],
170 silly audit   'fast-levenshtein': [ '2.0.6' ],
170 silly audit   fastq: [ '1.13.0' ],
170 silly audit   'file-entry-cache': [ '6.0.1' ],
170 silly audit   'fill-range': [ '7.0.1' ],
170 silly audit   'find-up': [ '2.1.0' ],
170 silly audit   'flat-cache': [ '3.0.4' ],
170 silly audit   flatted: [ '3.2.5' ],
170 silly audit   'fs.realpath': [ '1.0.0' ],
170 silly audit   'function-bind': [ '1.1.1' ],
170 silly audit   'functional-red-black-tree': [ '1.0.1' ],
170 silly audit   'get-intrinsic': [ '1.1.1' ],
170 silly audit   'get-symbol-description': [ '1.0.0' ],
170 silly audit   glob: [ '7.1.7' ],
170 silly audit   globals: [ '13.12.0' ],
170 silly audit   globby: [ '11.1.0' ],
170 silly audit   has: [ '1.0.3' ],
170 silly audit   'has-bigints': [ '1.0.1' ],
170 silly audit   'has-flag': [ '4.0.0' ],
170 silly audit   'has-symbols': [ '1.0.2' ],
170 silly audit   'has-tostringtag': [ '1.0.0' ],
170 silly audit   'import-fresh': [ '3.3.0' ],
170 silly audit   imurmurhash: [ '0.1.4' ],
170 silly audit   inflight: [ '1.0.6' ],
170 silly audit   inherits: [ '2.0.4' ],
170 silly audit   'internal-slot': [ '1.0.3' ],
170 silly audit   'is-bigint': [ '1.0.4' ],
170 silly audit   'is-boolean-object': [ '1.1.2' ],
170 silly audit   'is-callable': [ '1.2.4' ],
170 silly audit   'is-core-module': [ '2.8.1' ],
170 silly audit   'is-date-object': [ '1.0.5' ],
170 silly audit   'is-extglob': [ '2.1.1' ],
170 silly audit   'is-glob': [ '4.0.3' ],
170 silly audit   'is-negative-zero': [ '2.0.2' ],
170 silly audit   'is-number': [ '7.0.0' ],
170 silly audit   'is-number-object': [ '1.0.6' ],
170 silly audit   'is-regex': [ '1.1.4' ],
170 silly audit   'is-shared-array-buffer': [ '1.0.1' ],
170 silly audit   'is-string': [ '1.0.7' ],
170 silly audit   'is-symbol': [ '1.0.4' ],
170 silly audit   'is-weakref': [ '1.0.2' ],
170 silly audit   isexe: [ '2.0.0' ],
170 silly audit   'js-tokens': [ '4.0.0' ],
170 silly audit   'js-yaml': [ '4.1.0' ],
170 silly audit   'json-schema-traverse': [ '0.4.1' ],
170 silly audit   'json-stable-stringify-without-jsonify': [ '1.0.1' ],
170 silly audit   json5: [ '1.0.1' ],
170 silly audit   'jsx-ast-utils': [ '3.2.1' ],
170 silly audit   'language-subtag-registry': [ '0.3.21' ],
170 silly audit   'language-tags': [ '1.0.5' ],
170 silly audit   levn: [ '0.4.1' ],
170 silly audit   'locate-path': [ '2.0.0' ],
170 silly audit   'lodash.merge': [ '4.6.2' ],
170 silly audit   'loose-envify': [ '1.4.0' ],
170 silly audit   'lru-cache': [ '6.0.0' ],
170 silly audit   merge2: [ '1.4.1' ],
170 silly audit   micromatch: [ '4.0.4' ],
170 silly audit   minimatch: [ '3.0.4' ],
170 silly audit   minimist: [ '1.2.5' ],
170 silly audit   nanoid: [ '3.2.0' ],
170 silly audit   'natural-compare': [ '1.4.0' ],
170 silly audit   next: [ '12.0.10' ],
170 silly audit   'object-assign': [ '4.1.1' ],
170 silly audit   'object-inspect': [ '1.12.0' ],
170 silly audit   'object-keys': [ '1.1.1' ],
170 silly audit   'object.assign': [ '4.1.2' ],
170 silly audit   'object.entries': [ '1.1.5' ],
170 silly audit   'object.fromentries': [ '2.0.5' ],
170 silly audit   'object.hasown': [ '1.1.0' ],
170 silly audit   'object.values': [ '1.1.5' ],
170 silly audit   once: [ '1.4.0' ],
170 silly audit   optionator: [ '0.9.1' ],
170 silly audit   'p-limit': [ '1.3.0' ],
170 silly audit   'p-locate': [ '2.0.0' ],
170 silly audit   'p-try': [ '1.0.0' ],
170 silly audit   'parent-module': [ '1.0.1' ],
170 silly audit   'path-exists': [ '3.0.0' ],
170 silly audit   'path-is-absolute': [ '1.0.1' ],
170 silly audit   'path-key': [ '3.1.1' ],
170 silly audit   'path-parse': [ '1.0.7' ],
170 silly audit   'path-type': [ '4.0.0' ],
170 silly audit   picocolors: [ '1.0.0' ],
170 silly audit   picomatch: [ '2.3.1' ],
170 silly audit   postcss: [ '8.4.5' ],
170 silly audit   'prelude-ls': [ '1.2.1' ],
170 silly audit   'prop-types': [ '15.8.1' ],
170 silly audit   punycode: [ '2.1.1' ],
170 silly audit   'queue-microtask': [ '1.2.3' ],
170 silly audit   react: [ '17.0.2' ],
170 silly audit   'react-dom': [ '17.0.2' ],
170 silly audit   'react-is': [ '16.13.1' ],
170 silly audit   'regenerator-runtime': [ '0.13.9' ],
170 silly audit   'regexp.prototype.flags': [ '1.4.1' ],
170 silly audit   regexpp: [ '3.2.0' ],
170 silly audit   'resolve-from': [ '4.0.0' ],
170 silly audit   reusify: [ '1.0.4' ],
170 silly audit   rimraf: [ '3.0.2' ],
170 silly audit   'run-parallel': [ '1.2.0' ],
170 silly audit   scheduler: [ '0.20.2' ],
170 silly audit   'shebang-command': [ '2.0.0' ],
170 silly audit   'shebang-regex': [ '3.0.0' ],
170 silly audit   'side-channel': [ '1.0.4' ],
170 silly audit   slash: [ '3.0.0' ],
170 silly audit   'source-map-js': [ '1.0.2' ],
170 silly audit   'string.prototype.matchall': [ '4.0.6' ],
170 silly audit   'string.prototype.trimend': [ '1.0.4' ],
170 silly audit   'string.prototype.trimstart': [ '1.0.4' ],
170 silly audit   'strip-ansi': [ '6.0.1' ],
170 silly audit   'strip-bom': [ '3.0.0' ],
170 silly audit   'strip-json-comments': [ '3.1.1' ],
170 silly audit   'styled-jsx': [ '5.0.0' ],
170 silly audit   'supports-color': [ '7.2.0' ],
170 silly audit   'supports-preserve-symlinks-flag': [ '1.0.0' ],
170 silly audit   'text-table': [ '0.2.0' ],
170 silly audit   'to-regex-range': [ '5.0.1' ],
170 silly audit   'tsconfig-paths': [ '3.12.0' ],
170 silly audit   tslib: [ '1.14.1' ],
170 silly audit   tsutils: [ '3.21.0' ],
170 silly audit   'type-check': [ '0.4.0' ],
170 silly audit   'type-fest': [ '0.20.2' ],
170 silly audit   typescript: [ '4.5.5' ],
170 silly audit   'unbox-primitive': [ '1.0.1' ],
170 silly audit   'uri-js': [ '4.4.1' ],
170 silly audit   'use-subscription': [ '1.5.1' ],
170 silly audit   'v8-compile-cache': [ '2.3.0' ],
170 silly audit   which: [ '2.0.2' ],
170 silly audit   'which-boxed-primitive': [ '1.0.2' ],
170 silly audit   'word-wrap': [ '1.2.3' ],
170 silly audit   wrappy: [ '1.0.2' ],
170 silly audit   yallist: [ '4.0.0' ],
170 silly audit   '@material-ui/core': [ '4.12.3' ],
170 silly audit   '@material-ui/styles': [ '4.11.4' ],
170 silly audit   '@material-ui/system': [ '4.12.1' ],
170 silly audit   '@material-ui/types': [ '5.1.0' ],
170 silly audit   '@material-ui/utils': [ '4.11.2' ],
170 silly audit   '@types/react-transition-group': [ '4.4.4' ],
170 silly audit   clsx: [ '1.1.1' ],
170 silly audit   'hoist-non-react-statics': [ '3.3.2' ],
170 silly audit   'popper.js': [ '1.16.1-lts' ],
170 silly audit   'react-transition-group': [ '4.4.2' ],
170 silly audit   '@emotion/hash': [ '0.8.0' ],
170 silly audit   csstype: [ '2.6.19', '3.0.10' ],
170 silly audit   jss: [ '10.9.0' ],
170 silly audit   'jss-plugin-camel-case': [ '10.9.0' ],
170 silly audit   'jss-plugin-default-unit': [ '10.9.0' ],
170 silly audit   'jss-plugin-global': [ '10.9.0' ],
170 silly audit   'jss-plugin-nested': [ '10.9.0' ],
170 silly audit   'jss-plugin-props-sort': [ '10.9.0' ],
170 silly audit   'jss-plugin-rule-value-function': [ '10.9.0' ],
170 silly audit   'jss-plugin-vendor-prefixer': [ '10.9.0' ],
170 silly audit   '@types/react': [ '17.0.39' ],
170 silly audit   '@types/prop-types': [ '15.7.4' ],
170 silly audit   '@types/scheduler': [ '0.16.2' ],
170 silly audit   'is-in-browser': [ '1.1.3' ],
170 silly audit   'tiny-warning': [ '1.0.3' ],
170 silly audit   'hyphenate-style-name': [ '1.0.4' ],
170 silly audit   'css-vendor': [ '2.0.8' ],
170 silly audit   'dom-helpers': [ '5.2.1' ]
170 silly audit }
171 verbose reify failed optional dependency C:\Users\my pc\Desktop\template\node_modules\@next\swc-win32-ia32-msvc
172 silly reify mark deleted [
172 silly reify   'C:\\Users\\my pc\\Desktop\\template\\node_modules\\@next\\swc-win32-ia32-msvc'
172 silly reify ]
173 verbose reify failed optional dependency C:\Users\my pc\Desktop\template\node_modules\@next\swc-win32-arm64-msvc
174 silly reify mark deleted [
174 silly reify   'C:\\Users\\my pc\\Desktop\\template\\node_modules\\@next\\swc-win32-arm64-msvc'
174 silly reify ]
175 verbose reify failed optional dependency C:\Users\my pc\Desktop\template\node_modules\@next\swc-linux-x64-musl
176 silly reify mark deleted [
176 silly reify   'C:\\Users\\my pc\\Desktop\\template\\node_modules\\@next\\swc-linux-x64-musl'
176 silly reify ]
177 verbose reify failed optional dependency C:\Users\my pc\Desktop\template\node_modules\@next\swc-linux-x64-gnu
178 silly reify mark deleted [
178 silly reify   'C:\\Users\\my pc\\Desktop\\template\\node_modules\\@next\\swc-linux-x64-gnu'
178 silly reify ]
179 verbose reify failed optional dependency C:\Users\my pc\Desktop\template\node_modules\@next\swc-linux-arm64-musl
180 silly reify mark deleted [
180 silly reify   'C:\\Users\\my pc\\Desktop\\template\\node_modules\\@next\\swc-linux-arm64-musl'
180 silly reify ]
181 verbose reify failed optional dependency C:\Users\my pc\Desktop\template\node_modules\@next\swc-linux-arm64-gnu
182 silly reify mark deleted [
182 silly reify   'C:\\Users\\my pc\\Desktop\\template\\node_modules\\@next\\swc-linux-arm64-gnu'
182 silly reify ]
183 verbose reify failed optional dependency C:\Users\my pc\Desktop\template\node_modules\@next\swc-linux-arm-gnueabihf
184 silly reify mark deleted [
184 silly reify   'C:\\Users\\my pc\\Desktop\\template\\node_modules\\@next\\swc-linux-arm-gnueabihf'
184 silly reify ]
185 verbose reify failed optional dependency C:\Users\my pc\Desktop\template\node_modules\@next\swc-darwin-x64
186 silly reify mark deleted [
186 silly reify   'C:\\Users\\my pc\\Desktop\\template\\node_modules\\@next\\swc-darwin-x64'
186 silly reify ]
187 verbose reify failed optional dependency C:\Users\my pc\Desktop\template\node_modules\@next\swc-darwin-arm64
188 silly reify mark deleted [
188 silly reify   'C:\\Users\\my pc\\Desktop\\template\\node_modules\\@next\\swc-darwin-arm64'
188 silly reify ]
189 verbose reify failed optional dependency C:\Users\my pc\Desktop\template\node_modules\@next\swc-android-arm64
190 silly reify mark deleted [
190 silly reify   'C:\\Users\\my pc\\Desktop\\template\\node_modules\\@next\\swc-android-arm64'
190 silly reify ]
191 timing reifyNode:node_modules/@next/swc-win32-ia32-msvc Completed in 57ms
192 timing reifyNode:node_modules/@next/swc-win32-arm64-msvc Completed in 57ms
193 timing reifyNode:node_modules/@next/swc-linux-x64-musl Completed in 57ms
194 timing reifyNode:node_modules/@next/swc-linux-x64-gnu Completed in 57ms
195 timing reifyNode:node_modules/@next/swc-linux-arm64-musl Completed in 57ms
196 timing reifyNode:node_modules/@next/swc-linux-arm64-gnu Completed in 58ms
197 timing reifyNode:node_modules/@next/swc-linux-arm-gnueabihf Completed in 58ms
198 timing reifyNode:node_modules/@next/swc-darwin-x64 Completed in 58ms
199 timing reifyNode:node_modules/@next/swc-darwin-arm64 Completed in 57ms
200 timing reifyNode:node_modules/@next/swc-android-arm64 Completed in 55ms
201 silly tarball no local data for dom-helpers@https://registry.npmjs.org/dom-helpers/-/dom-helpers-5.2.1.tgz. Extracting by manifest.
202 silly tarball no local data for css-vendor@https://registry.npmjs.org/css-vendor/-/css-vendor-2.0.8.tgz. Extracting by manifest.
203 silly tarball no local data for tiny-warning@https://registry.npmjs.org/tiny-warning/-/tiny-warning-1.0.3.tgz. Extracting by manifest.
204 silly tarball no local data for @types/prop-types@https://registry.npmjs.org/@types/prop-types/-/prop-types-15.7.4.tgz. Extracting by manifest.
205 silly tarball no local data for hyphenate-style-name@https://registry.npmjs.org/hyphenate-style-name/-/hyphenate-style-name-1.0.4.tgz. Extracting by manifest.
206 silly tarball no local data for @types/scheduler@https://registry.npmjs.org/@types/scheduler/-/scheduler-0.16.2.tgz. Extracting by manifest.
207 silly tarball no local data for is-in-browser@https://registry.npmjs.org/is-in-browser/-/is-in-browser-1.1.3.tgz. Extracting by manifest.
208 silly tarball no local data for @types/react@https://registry.npmjs.org/@types/react/-/react-17.0.39.tgz. Extracting by manifest.
209 silly tarball no local data for jss-plugin-props-sort@https://registry.npmjs.org/jss-plugin-props-sort/-/jss-plugin-props-sort-10.9.0.tgz. Extracting by manifest.
210 silly tarball no local data for jss-plugin-rule-value-function@https://registry.npmjs.org/jss-plugin-rule-value-function/-/jss-plugin-rule-value-function-10.9.0.tgz. Extracting by manifest.
211 silly tarball no local data for jss-plugin-vendor-prefixer@https://registry.npmjs.org/jss-plugin-vendor-prefixer/-/jss-plugin-vendor-prefixer-10.9.0.tgz. Extracting by manifest.
212 silly tarball no local data for jss-plugin-default-unit@https://registry.npmjs.org/jss-plugin-default-unit/-/jss-plugin-default-unit-10.9.0.tgz. Extracting by manifest.
213 silly tarball no local data for jss-plugin-global@https://registry.npmjs.org/jss-plugin-global/-/jss-plugin-global-10.9.0.tgz. Extracting by manifest.
214 silly tarball no local data for jss-plugin-nested@https://registry.npmjs.org/jss-plugin-nested/-/jss-plugin-nested-10.9.0.tgz. Extracting by manifest.
215 silly tarball no local data for jss-plugin-camel-case@https://registry.npmjs.org/jss-plugin-camel-case/-/jss-plugin-camel-case-10.9.0.tgz. Extracting by manifest.
216 silly tarball no local data for jss@https://registry.npmjs.org/jss/-/jss-10.9.0.tgz. Extracting by manifest.
217 silly tarball no local data for csstype@https://registry.npmjs.org/csstype/-/csstype-2.6.19.tgz. Extracting by manifest.
218 silly tarball no local data for @emotion/hash@https://registry.npmjs.org/@emotion/hash/-/hash-0.8.0.tgz. Extracting by manifest.
219 silly tarball no local data for hoist-non-react-statics@https://registry.npmjs.org/hoist-non-react-statics/-/hoist-non-react-statics-3.3.2.tgz. Extracting by manifest.
220 silly tarball no local data for react-transition-group@https://registry.npmjs.org/react-transition-group/-/react-transition-group-4.4.2.tgz. Extracting by manifest.
221 silly tarball no local data for popper.js@https://registry.npmjs.org/popper.js/-/popper.js-1.16.1-lts.tgz. Extracting by manifest.
222 silly tarball no local data for @material-ui/utils@https://registry.npmjs.org/@material-ui/utils/-/utils-4.11.2.tgz. Extracting by manifest.
223 silly tarball no local data for clsx@https://registry.npmjs.org/clsx/-/clsx-1.1.1.tgz. Extracting by manifest.
224 silly tarball no local data for @types/react-transition-group@https://registry.npmjs.org/@types/react-transition-group/-/react-transition-group-4.4.4.tgz. Extracting by manifest.
225 silly tarball no local data for @material-ui/types@https://registry.npmjs.org/@material-ui/types/-/types-5.1.0.tgz. Extracting by manifest.
226 silly tarball no local data for @material-ui/system@https://registry.npmjs.org/@material-ui/system/-/system-4.12.1.tgz. Extracting by manifest.
227 silly tarball no local data for @material-ui/styles@https://registry.npmjs.org/@material-ui/styles/-/styles-4.11.4.tgz. Extracting by manifest.
228 silly tarball no local data for @material-ui/core@https://registry.npmjs.org/@material-ui/core/-/core-4.12.3.tgz. Extracting by manifest.
229 silly tarball no local data for csstype@https://registry.npmjs.org/csstype/-/csstype-3.0.10.tgz. Extracting by manifest.
230 silly tarball no local data for csstype@https://registry.npmjs.org/csstype/-/csstype-3.0.10.tgz. Extracting by manifest.
231 silly tarball no local data for csstype@https://registry.npmjs.org/csstype/-/csstype-3.0.10.tgz. Extracting by manifest.
232 http fetch GET 200 https://registry.npmjs.org/hyphenate-style-name/-/hyphenate-style-name-1.0.4.tgz 1352ms (cache miss)
233 timing reifyNode:node_modules/hyphenate-style-name Completed in 1527ms
234 http fetch GET 200 https://registry.npmjs.org/css-vendor/-/css-vendor-2.0.8.tgz 1630ms (cache miss)
235 timing reifyNode:node_modules/css-vendor Completed in 1806ms
236 http fetch GET 200 https://registry.npmjs.org/tiny-warning/-/tiny-warning-1.0.3.tgz 1671ms (cache miss)
237 timing reifyNode:node_modules/tiny-warning Completed in 1818ms
238 http fetch POST 200 https://registry.npmjs.org/-/npm/v1/security/advisories/bulk 1945ms
239 timing auditReport:getReport Completed in 1967ms
240 silly audit report {}
241 timing auditReport:init Completed in 0ms
242 timing reify:audit Completed in 1969ms
243 http fetch GET 200 https://registry.npmjs.org/clsx/-/clsx-1.1.1.tgz 1481ms (cache miss)
244 http fetch GET 200 https://registry.npmjs.org/hoist-non-react-statics/-/hoist-non-react-statics-3.3.2.tgz 2024ms (cache miss)
245 timing reifyNode:node_modules/hoist-non-react-statics Completed in 2617ms
246 timing reifyNode:node_modules/clsx Completed in 3018ms
247 http fetch GET 200 https://registry.npmjs.org/@types/react/-/react-17.0.39.tgz 2835ms (cache miss)
248 timing reifyNode:node_modules/@types/react Completed in 3035ms
249 http fetch GET 200 https://registry.npmjs.org/@emotion/hash/-/hash-0.8.0.tgz 3398ms (cache miss)
250 http fetch GET 200 https://registry.npmjs.org/@material-ui/types/-/types-5.1.0.tgz 3468ms (cache miss)
251 timing reifyNode:node_modules/@material-ui/types Completed in 4124ms
252 http fetch GET 200 https://registry.npmjs.org/@types/scheduler/-/scheduler-0.16.2.tgz 4217ms (cache miss)
253 timing reifyNode:node_modules/@types/scheduler Completed in 4397ms
254 http fetch GET 200 https://registry.npmjs.org/jss-plugin-props-sort/-/jss-plugin-props-sort-10.9.0.tgz 4987ms (cache miss)
255 timing reifyNode:node_modules/jss-plugin-props-sort Completed in 5457ms
256 http fetch GET 200 https://registry.npmjs.org/@types/prop-types/-/prop-types-15.7.4.tgz 5461ms (cache miss)
257 timing reifyNode:node_modules/@types/prop-types Completed in 5629ms
258 http fetch GET 200 https://registry.npmjs.org/jss-plugin-camel-case/-/jss-plugin-camel-case-10.9.0.tgz 5381ms (cache miss)
259 timing reifyNode:node_modules/jss-plugin-camel-case Completed in 6037ms
260 http fetch GET 200 https://registry.npmjs.org/is-in-browser/-/is-in-browser-1.1.3.tgz 5859ms (cache miss)
261 timing reifyNode:node_modules/is-in-browser Completed in 6052ms
262 http fetch GET 200 https://registry.npmjs.org/jss-plugin-rule-value-function/-/jss-plugin-rule-value-function-10.9.0.tgz 6070ms (cache miss)
263 http fetch GET 200 https://registry.npmjs.org/jss-plugin-global/-/jss-plugin-global-10.9.0.tgz 6031ms (cache miss)
264 timing reifyNode:node_modules/jss-plugin-global Completed in 6309ms
265 http fetch GET 200 https://registry.npmjs.org/@types/react-transition-group/-/react-transition-group-4.4.4.tgz 5669ms (cache miss)
266 timing reifyNode:node_modules/@types/react-transition-group Completed in 6318ms
267 timing reifyNode:node_modules/jss-plugin-rule-value-function Completed in 6324ms
268 http fetch GET 200 https://registry.npmjs.org/jss-plugin-nested/-/jss-plugin-nested-10.9.0.tgz 6008ms (cache miss)
269 timing reifyNode:node_modules/jss-plugin-nested Completed in 6329ms
270 timing reifyNode:node_modules/@emotion/hash Completed in 6508ms
271 http fetch GET 200 https://registry.npmjs.org/jss-plugin-vendor-prefixer/-/jss-plugin-vendor-prefixer-10.9.0.tgz 6423ms (cache miss)
272 timing reifyNode:node_modules/jss-plugin-vendor-prefixer Completed in 6654ms
273 http fetch GET 200 https://registry.npmjs.org/jss-plugin-default-unit/-/jss-plugin-default-unit-10.9.0.tgz 6586ms (cache miss)
274 timing reifyNode:node_modules/jss-plugin-default-unit Completed in 6855ms
275 http fetch GET 200 https://registry.npmjs.org/csstype/-/csstype-3.0.10.tgz 6329ms (cache miss)
276 timing reifyNode:node_modules/jss/node_modules/csstype Completed in 7060ms
277 http fetch GET 200 https://registry.npmjs.org/csstype/-/csstype-2.6.19.tgz 6924ms (cache miss)
278 timing reifyNode:node_modules/csstype Completed in 7432ms
279 http fetch GET 200 https://registry.npmjs.org/csstype/-/csstype-3.0.10.tgz 6799ms (cache miss)
280 timing reifyNode:node_modules/dom-helpers/node_modules/csstype Completed in 7525ms
281 http fetch GET 200 https://registry.npmjs.org/csstype/-/csstype-3.0.10.tgz 6850ms (cache miss)
282 timing reifyNode:node_modules/@types/react/node_modules/csstype Completed in 7593ms
283 http fetch GET 200 https://registry.npmjs.org/react-transition-group/-/react-transition-group-4.4.2.tgz 7592ms (cache miss)
284 timing reifyNode:node_modules/react-transition-group Completed in 8217ms
285 http fetch GET 200 https://registry.npmjs.org/@material-ui/utils/-/utils-4.11.2.tgz 7917ms (cache miss)
286 timing reifyNode:node_modules/@material-ui/utils Completed in 8546ms
287 http fetch GET 200 https://registry.npmjs.org/@material-ui/system/-/system-4.12.1.tgz 8872ms (cache miss)
288 timing reifyNode:node_modules/@material-ui/system Completed in 9551ms
289 http fetch GET 200 https://registry.npmjs.org/jss/-/jss-10.9.0.tgz 9501ms (cache miss)
290 timing reifyNode:node_modules/jss Completed in 9956ms
291 http fetch GET 200 https://registry.npmjs.org/popper.js/-/popper.js-1.16.1-lts.tgz 10674ms (cache miss)
292 timing reifyNode:node_modules/popper.js Completed in 11308ms
293 http fetch GET 200 https://registry.npmjs.org/@material-ui/styles/-/styles-4.11.4.tgz 11019ms (cache miss)
294 timing reifyNode:node_modules/@material-ui/styles Completed in 11723ms
295 http fetch GET 200 https://registry.npmjs.org/dom-helpers/-/dom-helpers-5.2.1.tgz 12423ms (cache miss)
296 timing reifyNode:node_modules/dom-helpers Completed in 12553ms
297 http fetch GET 200 https://registry.npmjs.org/@material-ui/core/-/core-4.12.3.tgz 27729ms (cache miss)
298 warn deprecated @material-ui/core@4.12.3: You can now upgrade to @mui/material. See the guide: https://mui.com/guides/migration-v4/
299 timing reifyNode:node_modules/@material-ui/core Completed in 28447ms
300 timing reify:unpack Completed in 28458ms
301 timing reify:unretire Completed in 1ms
302 timing build:queue Completed in 5ms
303 timing build:deps Completed in 6ms
304 timing build Completed in 6ms
305 timing reify:build Completed in 8ms
306 timing reify:trash Completed in 5ms
307 timing reify:save Completed in 298ms
308 timing reify Completed in 44530ms
309 silly ADD node_modules/dom-helpers
310 silly ADD node_modules/dom-helpers/node_modules/csstype
311 silly ADD node_modules/css-vendor
312 silly ADD node_modules/hyphenate-style-name
313 silly ADD node_modules/tiny-warning
314 silly ADD node_modules/is-in-browser
315 silly ADD node_modules/@types/scheduler
316 silly ADD node_modules/@types/prop-types
317 silly ADD node_modules/@types/react
318 silly ADD node_modules/@types/react/node_modules/csstype
319 silly ADD node_modules/jss-plugin-vendor-prefixer
320 silly ADD node_modules/jss-plugin-rule-value-function
321 silly ADD node_modules/jss-plugin-props-sort
322 silly ADD node_modules/jss-plugin-nested
323 silly ADD node_modules/jss-plugin-global
324 silly ADD node_modules/jss-plugin-default-unit
325 silly ADD node_modules/jss-plugin-camel-case
326 silly ADD node_modules/jss
327 silly ADD node_modules/jss/node_modules/csstype
328 silly ADD node_modules/csstype
329 silly ADD node_modules/@emotion/hash
330 silly ADD node_modules/react-transition-group
331 silly ADD node_modules/popper.js
332 silly ADD node_modules/hoist-non-react-statics
333 silly ADD node_modules/clsx
334 silly ADD node_modules/@types/react-transition-group
335 silly ADD node_modules/@material-ui/utils
336 silly ADD node_modules/@material-ui/types
337 silly ADD node_modules/@material-ui/system
338 silly ADD node_modules/@material-ui/styles
339 silly ADD node_modules/@material-ui/core
340 silly ADD
341 silly ADD
342 silly ADD
343 silly ADD
344 silly ADD
345 silly ADD
346 silly ADD
347 silly ADD
348 silly ADD
349 silly ADD
350 timing command:install Completed in 44578ms
351 verbose exit 0
352 timing npm Completed in 50078ms
353 info ok
