0 verbose cli [
0 verbose cli   'C:\\Program Files\\nodejs\\node.exe',
0 verbose cli   'C:\\Users\\my pc\\AppData\\Roaming\\npm\\node_modules\\npm\\bin\\npm-cli.js',
0 verbose cli   'install',
0 verbose cli   '@material-ui/icons'
0 verbose cli ]
1 info using npm@8.4.0
2 info using node@v16.13.1
3 timing npm:load:whichnode Completed in 1ms
4 timing config:load:defaults Completed in 3ms
5 timing config:load:file:C:\Users\my pc\AppData\Roaming\npm\node_modules\npm\npmrc Completed in 3ms
6 timing config:load:builtin Completed in 4ms
7 timing config:load:cli Completed in 2ms
8 timing config:load:env Completed in 2ms
9 timing config:load:file:C:\Users\my pc\Desktop\template\.npmrc Completed in 0ms
10 timing config:load:project Completed in 3ms
11 timing config:load:file:C:\Users\my pc\.npmrc Completed in 1ms
12 timing config:load:user Completed in 1ms
13 timing config:load:file:C:\Users\my pc\AppData\Roaming\npm\etc\npmrc Completed in 0ms
14 timing config:load:global Completed in 1ms
15 timing config:load:validate Completed in 1ms
16 timing config:load:credentials Completed in 1ms
17 timing config:load:setEnvs Completed in 2ms
18 timing config:load Completed in 21ms
19 timing npm:load:configload Completed in 21ms
20 timing npm:load:setTitle Completed in 1ms
21 timing config:load:flatten Completed in 6ms
22 timing npm:load:display Completed in 9ms
23 verbose logfile C:\Users\my pc\Desktop\template\_logs\2022-02-08T11_59_04_877Z-debug-0.log
24 timing npm:load:logFile Completed in 15ms
25 timing npm:load:timers Completed in 0ms
26 timing npm:load:configScope Completed in 0ms
27 timing npm:load Completed in 48ms
28 timing arborist:ctor Completed in 1ms
29 silly logfile start cleaning logs, removing 1 files
30 timing idealTree:init Completed in 301ms
31 timing idealTree:userRequests Completed in 5ms
32 silly idealTree buildDeps
33 silly fetch manifest @material-ui/icons@*
34 timing arborist:ctor Completed in 1ms
35 http fetch GET 200 https://registry.npmjs.org/@material-ui%2ficons 1975ms (cache miss)
36 silly fetch manifest @material-ui/core@^4.12.3
37 http fetch GET 200 https://registry.npmjs.org/@material-ui%2fcore 18ms (cache hit)
38 silly fetch manifest @types/react@^16.8.6 || ^17.0.0
39 http fetch GET 200 https://registry.npmjs.org/@types%2freact 13ms (cache hit)
40 silly fetch manifest react@17.0.2
41 http fetch GET 200 https://registry.npmjs.org/react 18ms (cache hit)
42 silly fetch manifest react-dom@17.0.2
43 http fetch GET 200 https://registry.npmjs.org/react-dom 43ms (cache hit)
44 silly placeDep ROOT @material-ui/icons@4.11.2 OK for:  want: *
45 timing idealTree:#root Completed in 2124ms
46 timing idealTree:node_modules/@material-ui/icons Completed in 1ms
47 timing idealTree:buildDeps Completed in 2126ms
48 timing idealTree:fixDepFlags Completed in 6ms
49 timing idealTree Completed in 2451ms
50 timing reify:loadTrees Completed in 2452ms
51 timing reify:diffTrees Completed in 18ms
52 silly reify moves {}
53 timing reify:retireShallow Completed in 1ms
54 timing reify:createSparse Completed in 14ms
55 timing reify:loadBundles Completed in 0ms
56 silly audit bulk request {
56 silly audit   '@babel/runtime': [ '7.16.7' ],
56 silly audit   '@babel/runtime-corejs3': [ '7.16.8' ],
56 silly audit   '@emotion/hash': [ '0.8.0' ],
56 silly audit   '@eslint/eslintrc': [ '1.0.5' ],
56 silly audit   ignore: [ '4.0.6', '5.2.0' ],
56 silly audit   '@humanwhocodes/config-array': [ '0.9.3' ],
56 silly audit   '@humanwhocodes/object-schema': [ '1.2.1' ],
56 silly audit   '@material-ui/core': [ '4.12.3' ],
56 silly audit   '@material-ui/styles': [ '4.11.4' ],
56 silly audit   '@material-ui/system': [ '4.12.1' ],
56 silly audit   '@material-ui/types': [ '5.1.0' ],
56 silly audit   '@material-ui/utils': [ '4.11.2' ],
56 silly audit   '@next/env': [ '12.0.10' ],
56 silly audit   '@next/eslint-plugin-next': [ '12.0.10' ],
56 silly audit   '@next/swc-android-arm64': [ '12.0.10' ],
56 silly audit   '@next/swc-darwin-arm64': [ '12.0.10' ],
56 silly audit   '@next/swc-darwin-x64': [ '12.0.10' ],
56 silly audit   '@next/swc-linux-arm-gnueabihf': [ '12.0.10' ],
56 silly audit   '@next/swc-linux-arm64-gnu': [ '12.0.10' ],
56 silly audit   '@next/swc-linux-arm64-musl': [ '12.0.10' ],
56 silly audit   '@next/swc-linux-x64-gnu': [ '12.0.10' ],
56 silly audit   '@next/swc-linux-x64-musl': [ '12.0.10' ],
56 silly audit   '@next/swc-win32-arm64-msvc': [ '12.0.10' ],
56 silly audit   '@next/swc-win32-ia32-msvc': [ '12.0.10' ],
56 silly audit   '@next/swc-win32-x64-msvc': [ '12.0.10' ],
56 silly audit   '@nodelib/fs.scandir': [ '2.1.5' ],
56 silly audit   '@nodelib/fs.stat': [ '2.0.5' ],
56 silly audit   '@nodelib/fs.walk': [ '1.2.8' ],
56 silly audit   '@rushstack/eslint-patch': [ '1.1.0' ],
56 silly audit   '@types/json5': [ '0.0.29' ],
56 silly audit   '@types/prop-types': [ '15.7.4' ],
56 silly audit   '@types/react': [ '17.0.39' ],
56 silly audit   '@types/react-transition-group': [ '4.4.4' ],
56 silly audit   csstype: [ '3.0.10', '2.6.19' ],
56 silly audit   '@types/scheduler': [ '0.16.2' ],
56 silly audit   '@typescript-eslint/parser': [ '5.10.2' ],
56 silly audit   '@typescript-eslint/scope-manager': [ '5.10.2' ],
56 silly audit   '@typescript-eslint/types': [ '5.10.2' ],
56 silly audit   '@typescript-eslint/typescript-estree': [ '5.10.2' ],
56 silly audit   '@typescript-eslint/visitor-keys': [ '5.10.2' ],
56 silly audit   acorn: [ '8.7.0' ],
56 silly audit   'acorn-jsx': [ '5.3.2' ],
56 silly audit   ajv: [ '6.12.6' ],
56 silly audit   'ansi-regex': [ '5.0.1' ],
56 silly audit   'ansi-styles': [ '4.3.0' ],
56 silly audit   argparse: [ '2.0.1' ],
56 silly audit   'aria-query': [ '4.2.2' ],
56 silly audit   'array-includes': [ '3.1.4' ],
56 silly audit   'array-union': [ '2.1.0' ],
56 silly audit   'array.prototype.flat': [ '1.2.5' ],
56 silly audit   'array.prototype.flatmap': [ '1.2.5' ],
56 silly audit   'ast-types-flow': [ '0.0.7' ],
56 silly audit   'axe-core': [ '4.4.0' ],
56 silly audit   'axobject-query': [ '2.2.0' ],
56 silly audit   'balanced-match': [ '1.0.2' ],
56 silly audit   'brace-expansion': [ '1.1.11' ],
56 silly audit   braces: [ '3.0.2' ],
56 silly audit   'call-bind': [ '1.0.2' ],
56 silly audit   callsites: [ '3.1.0' ],
56 silly audit   'caniuse-lite': [ '1.0.30001305' ],
56 silly audit   chalk: [ '4.1.2' ],
56 silly audit   clsx: [ '1.1.1' ],
56 silly audit   'color-convert': [ '2.0.1' ],
56 silly audit   'color-name': [ '1.1.4' ],
56 silly audit   'concat-map': [ '0.0.1' ],
56 silly audit   'core-js-pure': [ '3.21.0' ],
56 silly audit   'cross-spawn': [ '7.0.3' ],
56 silly audit   'css-vendor': [ '2.0.8' ],
56 silly audit   'damerau-levenshtein': [ '1.0.8' ],
56 silly audit   debug: [ '4.3.3', '3.2.7', '2.6.9' ],
56 silly audit   'deep-is': [ '0.1.4' ],
56 silly audit   'define-properties': [ '1.1.3' ],
56 silly audit   'dir-glob': [ '3.0.1' ],
56 silly audit   doctrine: [ '3.0.0', '2.1.0' ],
56 silly audit   'dom-helpers': [ '5.2.1' ],
56 silly audit   'emoji-regex': [ '9.2.2' ],
56 silly audit   'es-abstract': [ '1.19.1' ],
56 silly audit   'es-to-primitive': [ '1.2.1' ],
56 silly audit   'escape-string-regexp': [ '4.0.0' ],
56 silly audit   eslint: [ '8.8.0' ],
56 silly audit   'eslint-config-next': [ '12.0.10' ],
56 silly audit   'eslint-import-resolver-node': [ '0.3.6' ],
56 silly audit   'eslint-import-resolver-typescript': [ '2.5.0' ],
56 silly audit   'eslint-module-utils': [ '2.7.3' ],
56 silly audit   'eslint-plugin-import': [ '2.25.4' ],
56 silly audit   ms: [ '2.0.0', '2.1.2' ],
56 silly audit   'eslint-plugin-jsx-a11y': [ '6.5.1' ],
56 silly audit   'eslint-plugin-react': [ '7.28.0' ],
56 silly audit   'eslint-plugin-react-hooks': [ '4.3.0' ],
56 silly audit   resolve: [ '2.0.0-next.3', '1.22.0' ],
56 silly audit   semver: [ '6.3.0', '7.3.5' ],
56 silly audit   'eslint-scope': [ '7.1.0' ],
56 silly audit   'eslint-utils': [ '3.0.0' ],
56 silly audit   'eslint-visitor-keys': [ '2.1.0', '3.2.0' ],
56 silly audit   espree: [ '9.3.0' ],
56 silly audit   esquery: [ '1.4.0' ],
56 silly audit   esrecurse: [ '4.3.0' ],
56 silly audit   estraverse: [ '5.3.0' ],
56 silly audit   esutils: [ '2.0.3' ],
56 silly audit   'fast-deep-equal': [ '3.1.3' ],
56 silly audit   'fast-glob': [ '3.2.11' ],
56 silly audit   'glob-parent': [ '5.1.2', '6.0.2' ],
56 silly audit   'fast-json-stable-stringify': [ '2.1.0' ],
56 silly audit   'fast-levenshtein': [ '2.0.6' ],
56 silly audit   fastq: [ '1.13.0' ],
56 silly audit   'file-entry-cache': [ '6.0.1' ],
56 silly audit   'fill-range': [ '7.0.1' ],
56 silly audit   'find-up': [ '2.1.0' ],
56 silly audit   'flat-cache': [ '3.0.4' ],
56 silly audit   flatted: [ '3.2.5' ],
56 silly audit   'fs.realpath': [ '1.0.0' ],
56 silly audit   'function-bind': [ '1.1.1' ],
56 silly audit   'functional-red-black-tree': [ '1.0.1' ],
56 silly audit   'get-intrinsic': [ '1.1.1' ],
56 silly audit   'get-symbol-description': [ '1.0.0' ],
56 silly audit   glob: [ '7.1.7' ],
56 silly audit   globals: [ '13.12.0' ],
56 silly audit   globby: [ '11.1.0' ],
56 silly audit   has: [ '1.0.3' ],
56 silly audit   'has-bigints': [ '1.0.1' ],
56 silly audit   'has-flag': [ '4.0.0' ],
56 silly audit   'has-symbols': [ '1.0.2' ],
56 silly audit   'has-tostringtag': [ '1.0.0' ],
56 silly audit   'hoist-non-react-statics': [ '3.3.2' ],
56 silly audit   'hyphenate-style-name': [ '1.0.4' ],
56 silly audit   'import-fresh': [ '3.3.0' ],
56 silly audit   imurmurhash: [ '0.1.4' ],
56 silly audit   inflight: [ '1.0.6' ],
56 silly audit   inherits: [ '2.0.4' ],
56 silly audit   'internal-slot': [ '1.0.3' ],
56 silly audit   'is-bigint': [ '1.0.4' ],
56 silly audit   'is-boolean-object': [ '1.1.2' ],
56 silly audit   'is-callable': [ '1.2.4' ],
56 silly audit   'is-core-module': [ '2.8.1' ],
56 silly audit   'is-date-object': [ '1.0.5' ],
56 silly audit   'is-extglob': [ '2.1.1' ],
56 silly audit   'is-glob': [ '4.0.3' ],
56 silly audit   'is-in-browser': [ '1.1.3' ],
56 silly audit   'is-negative-zero': [ '2.0.2' ],
56 silly audit   'is-number': [ '7.0.0' ],
56 silly audit   'is-number-object': [ '1.0.6' ],
56 silly audit   'is-regex': [ '1.1.4' ],
56 silly audit   'is-shared-array-buffer': [ '1.0.1' ],
56 silly audit   'is-string': [ '1.0.7' ],
56 silly audit   'is-symbol': [ '1.0.4' ],
56 silly audit   'is-weakref': [ '1.0.2' ],
56 silly audit   isexe: [ '2.0.0' ],
56 silly audit   'js-tokens': [ '4.0.0' ],
56 silly audit   'js-yaml': [ '4.1.0' ],
56 silly audit   'json-schema-traverse': [ '0.4.1' ],
56 silly audit   'json-stable-stringify-without-jsonify': [ '1.0.1' ],
56 silly audit   json5: [ '1.0.1' ],
56 silly audit   jss: [ '10.9.0' ],
56 silly audit   'jss-plugin-camel-case': [ '10.9.0' ],
56 silly audit   'jss-plugin-default-unit': [ '10.9.0' ],
56 silly audit   'jss-plugin-global': [ '10.9.0' ],
56 silly audit   'jss-plugin-nested': [ '10.9.0' ],
56 silly audit   'jss-plugin-props-sort': [ '10.9.0' ],
56 silly audit   'jss-plugin-rule-value-function': [ '10.9.0' ],
56 silly audit   'jss-plugin-vendor-prefixer': [ '10.9.0' ],
56 silly audit   'jsx-ast-utils': [ '3.2.1' ],
56 silly audit   'language-subtag-registry': [ '0.3.21' ],
56 silly audit   'language-tags': [ '1.0.5' ],
56 silly audit   levn: [ '0.4.1' ],
56 silly audit   'locate-path': [ '2.0.0' ],
56 silly audit   'lodash.merge': [ '4.6.2' ],
56 silly audit   'loose-envify': [ '1.4.0' ],
56 silly audit   'lru-cache': [ '6.0.0' ],
56 silly audit   merge2: [ '1.4.1' ],
56 silly audit   micromatch: [ '4.0.4' ],
56 silly audit   minimatch: [ '3.0.4' ],
56 silly audit   minimist: [ '1.2.5' ],
56 silly audit   nanoid: [ '3.2.0' ],
56 silly audit   'natural-compare': [ '1.4.0' ],
56 silly audit   next: [ '12.0.10' ],
56 silly audit   'object-assign': [ '4.1.1' ],
56 silly audit   'object-inspect': [ '1.12.0' ],
56 silly audit   'object-keys': [ '1.1.1' ],
56 silly audit   'object.assign': [ '4.1.2' ],
56 silly audit   'object.entries': [ '1.1.5' ],
56 silly audit   'object.fromentries': [ '2.0.5' ],
56 silly audit   'object.hasown': [ '1.1.0' ],
56 silly audit   'object.values': [ '1.1.5' ],
56 silly audit   once: [ '1.4.0' ],
56 silly audit   optionator: [ '0.9.1' ],
56 silly audit   'p-limit': [ '1.3.0' ],
56 silly audit   'p-locate': [ '2.0.0' ],
56 silly audit   'p-try': [ '1.0.0' ],
56 silly audit   'parent-module': [ '1.0.1' ],
56 silly audit   'path-exists': [ '3.0.0' ],
56 silly audit   'path-is-absolute': [ '1.0.1' ],
56 silly audit   'path-key': [ '3.1.1' ],
56 silly audit   'path-parse': [ '1.0.7' ],
56 silly audit   'path-type': [ '4.0.0' ],
56 silly audit   picocolors: [ '1.0.0' ],
56 silly audit   picomatch: [ '2.3.1' ],
56 silly audit   'popper.js': [ '1.16.1-lts' ],
56 silly audit   postcss: [ '8.4.5' ],
56 silly audit   'prelude-ls': [ '1.2.1' ],
56 silly audit   'prop-types': [ '15.8.1' ],
56 silly audit   punycode: [ '2.1.1' ],
56 silly audit   'queue-microtask': [ '1.2.3' ],
56 silly audit   react: [ '17.0.2' ],
56 silly audit   'react-dom': [ '17.0.2' ],
56 silly audit   'react-is': [ '16.13.1' ],
56 silly audit   'react-transition-group': [ '4.4.2' ],
56 silly audit   'regenerator-runtime': [ '0.13.9' ],
56 silly audit   'regexp.prototype.flags': [ '1.4.1' ],
56 silly audit   regexpp: [ '3.2.0' ],
56 silly audit   'resolve-from': [ '4.0.0' ],
56 silly audit   reusify: [ '1.0.4' ],
56 silly audit   rimraf: [ '3.0.2' ],
56 silly audit   'run-parallel': [ '1.2.0' ],
56 silly audit   scheduler: [ '0.20.2' ],
56 silly audit   'shebang-command': [ '2.0.0' ],
56 silly audit   'shebang-regex': [ '3.0.0' ],
56 silly audit   'side-channel': [ '1.0.4' ],
56 silly audit   slash: [ '3.0.0' ],
56 silly audit   'source-map-js': [ '1.0.2' ],
56 silly audit   'string.prototype.matchall': [ '4.0.6' ],
56 silly audit   'string.prototype.trimend': [ '1.0.4' ],
56 silly audit   'string.prototype.trimstart': [ '1.0.4' ],
56 silly audit   'strip-ansi': [ '6.0.1' ],
56 silly audit   'strip-bom': [ '3.0.0' ],
56 silly audit   'strip-json-comments': [ '3.1.1' ],
56 silly audit   'styled-jsx': [ '5.0.0' ],
56 silly audit   'supports-color': [ '7.2.0' ],
56 silly audit   'supports-preserve-symlinks-flag': [ '1.0.0' ],
56 silly audit   'text-table': [ '0.2.0' ],
56 silly audit   'tiny-warning': [ '1.0.3' ],
56 silly audit   'to-regex-range': [ '5.0.1' ],
56 silly audit   'tsconfig-paths': [ '3.12.0' ],
56 silly audit   tslib: [ '1.14.1' ],
56 silly audit   tsutils: [ '3.21.0' ],
56 silly audit   'type-check': [ '0.4.0' ],
56 silly audit   'type-fest': [ '0.20.2' ],
56 silly audit   typescript: [ '4.5.5' ],
56 silly audit   'unbox-primitive': [ '1.0.1' ],
56 silly audit   'uri-js': [ '4.4.1' ],
56 silly audit   'use-subscription': [ '1.5.1' ],
56 silly audit   'v8-compile-cache': [ '2.3.0' ],
56 silly audit   which: [ '2.0.2' ],
56 silly audit   'which-boxed-primitive': [ '1.0.2' ],
56 silly audit   'word-wrap': [ '1.2.3' ],
56 silly audit   wrappy: [ '1.0.2' ],
56 silly audit   yallist: [ '4.0.0' ],
56 silly audit   '@material-ui/icons': [ '4.11.2' ]
56 silly audit }
57 verbose reify failed optional dependency C:\Users\my pc\Desktop\template\node_modules\@next\swc-win32-ia32-msvc
58 silly reify mark deleted [
58 silly reify   'C:\\Users\\my pc\\Desktop\\template\\node_modules\\@next\\swc-win32-ia32-msvc'
58 silly reify ]
59 verbose reify failed optional dependency C:\Users\my pc\Desktop\template\node_modules\@next\swc-win32-arm64-msvc
60 silly reify mark deleted [
60 silly reify   'C:\\Users\\my pc\\Desktop\\template\\node_modules\\@next\\swc-win32-arm64-msvc'
60 silly reify ]
61 verbose reify failed optional dependency C:\Users\my pc\Desktop\template\node_modules\@next\swc-linux-x64-musl
62 silly reify mark deleted [
62 silly reify   'C:\\Users\\my pc\\Desktop\\template\\node_modules\\@next\\swc-linux-x64-musl'
62 silly reify ]
63 verbose reify failed optional dependency C:\Users\my pc\Desktop\template\node_modules\@next\swc-linux-x64-gnu
64 silly reify mark deleted [
64 silly reify   'C:\\Users\\my pc\\Desktop\\template\\node_modules\\@next\\swc-linux-x64-gnu'
64 silly reify ]
65 verbose reify failed optional dependency C:\Users\my pc\Desktop\template\node_modules\@next\swc-linux-arm64-musl
66 silly reify mark deleted [
66 silly reify   'C:\\Users\\my pc\\Desktop\\template\\node_modules\\@next\\swc-linux-arm64-musl'
66 silly reify ]
67 verbose reify failed optional dependency C:\Users\my pc\Desktop\template\node_modules\@next\swc-linux-arm64-gnu
68 silly reify mark deleted [
68 silly reify   'C:\\Users\\my pc\\Desktop\\template\\node_modules\\@next\\swc-linux-arm64-gnu'
68 silly reify ]
69 verbose reify failed optional dependency C:\Users\my pc\Desktop\template\node_modules\@next\swc-linux-arm-gnueabihf
70 silly reify mark deleted [
70 silly reify   'C:\\Users\\my pc\\Desktop\\template\\node_modules\\@next\\swc-linux-arm-gnueabihf'
70 silly reify ]
71 verbose reify failed optional dependency C:\Users\my pc\Desktop\template\node_modules\@next\swc-darwin-x64
72 silly reify mark deleted [
72 silly reify   'C:\\Users\\my pc\\Desktop\\template\\node_modules\\@next\\swc-darwin-x64'
72 silly reify ]
73 verbose reify failed optional dependency C:\Users\my pc\Desktop\template\node_modules\@next\swc-darwin-arm64
74 silly reify mark deleted [
74 silly reify   'C:\\Users\\my pc\\Desktop\\template\\node_modules\\@next\\swc-darwin-arm64'
74 silly reify ]
75 verbose reify failed optional dependency C:\Users\my pc\Desktop\template\node_modules\@next\swc-android-arm64
76 silly reify mark deleted [
76 silly reify   'C:\\Users\\my pc\\Desktop\\template\\node_modules\\@next\\swc-android-arm64'
76 silly reify ]
77 timing reifyNode:node_modules/@next/swc-win32-ia32-msvc Completed in 15ms
78 timing reifyNode:node_modules/@next/swc-win32-arm64-msvc Completed in 15ms
79 timing reifyNode:node_modules/@next/swc-linux-x64-musl Completed in 15ms
80 timing reifyNode:node_modules/@next/swc-linux-x64-gnu Completed in 15ms
81 timing reifyNode:node_modules/@next/swc-linux-arm64-musl Completed in 15ms
82 timing reifyNode:node_modules/@next/swc-linux-arm64-gnu Completed in 14ms
83 timing reifyNode:node_modules/@next/swc-linux-arm-gnueabihf Completed in 14ms
84 timing reifyNode:node_modules/@next/swc-darwin-x64 Completed in 14ms
85 timing reifyNode:node_modules/@next/swc-darwin-arm64 Completed in 15ms
86 timing reifyNode:node_modules/@next/swc-android-arm64 Completed in 14ms
87 silly tarball no local data for @material-ui/icons@https://registry.npmjs.org/@material-ui/icons/-/icons-4.11.2.tgz. Extracting by manifest.
88 http fetch POST 200 https://registry.npmjs.org/-/npm/v1/security/advisories/bulk 1685ms
89 timing auditReport:getReport Completed in 1704ms
90 silly audit report {}
91 timing auditReport:init Completed in 0ms
92 timing reify:audit Completed in 1705ms
93 http fetch GET 200 https://registry.npmjs.org/@material-ui/icons/-/icons-4.11.2.tgz 94554ms (cache miss)
94 timing reifyNode:node_modules/@material-ui/icons Completed in 94591ms
95 timing reify:unpack Completed in 94591ms
96 timing reify:unretire Completed in 1ms
97 timing build:queue Completed in 2ms
98 timing build:deps Completed in 2ms
99 timing build Completed in 2ms
100 timing reify:build Completed in 3ms
101 timing reify:trash Completed in 11ms
102 timing reify:save Completed in 130ms
103 timing reify Completed in 97304ms
104 silly ADD node_modules/@material-ui/icons
105 silly ADD
106 silly ADD
107 silly ADD
108 silly ADD
109 silly ADD
110 silly ADD
111 silly ADD
112 silly ADD
113 silly ADD
114 silly ADD
115 timing command:install Completed in 97327ms
116 verbose exit 0
117 timing npm Completed in 97938ms
118 info ok
